<?xml version="1.0" encoding="UTF-8"?>
<!-- Generated by org.testng.reporters.JUnitReportReporter -->
<testsuite skipped="0" hostname="kapil-PC" name="com.zeidlerassignment.tests.UploadImageTest" tests="2" failures="0" timestamp="09 Nov 2019 20:58:33 GMT" time="93.677" errors="0">
  <testcase name="testUploadOtherFile" time="41.440" classname="com.zeidlerassignment.tests.UploadImageTest"/>
  <testcase name="testUploadImageTest" time="52.237" classname="com.zeidlerassignment.tests.UploadImageTest"/>
</testsuite> <!-- com.zeidlerassignment.tests.UploadImageTest -->
